[0.671s] Invoking command in '/home/arsalpal/v11/g06_prii3_wsv2/src/aruco_detector_pkg': PYTHONPATH=/home/arsalpal/v11/g06_prii3_wsv2/build/aruco_detector_pkg/prefix_override:/usr/lib/python3/dist-packages/colcon_core/task/python/colcon_distutils_commands:/home/arsalpal/v11/g06_prii3_wsv2/install/aruco_detector_pkg/lib/python3.8/site-packages:${PYTHONPATH} /usr/bin/python3 -W ignore:setup.py install is deprecated -W ignore:easy_install command is deprecated setup.py egg_info --egg-base ../../build/aruco_detector_pkg build --build-base /home/arsalpal/v11/g06_prii3_wsv2/build/aruco_detector_pkg/build install --record /home/arsalpal/v11/g06_prii3_wsv2/build/aruco_detector_pkg/install.log --install-scripts $base/lib/aruco_detector_pkg --single-version-externally-managed install_data
[0.850s] running egg_info
[0.850s] writing ../../build/aruco_detector_pkg/aruco_detector_pkg.egg-info/PKG-INFO
[0.851s] writing dependency_links to ../../build/aruco_detector_pkg/aruco_detector_pkg.egg-info/dependency_links.txt
[0.851s] writing entry points to ../../build/aruco_detector_pkg/aruco_detector_pkg.egg-info/entry_points.txt
[0.851s] writing requirements to ../../build/aruco_detector_pkg/aruco_detector_pkg.egg-info/requires.txt
[0.851s] writing top-level names to ../../build/aruco_detector_pkg/aruco_detector_pkg.egg-info/top_level.txt
[0.881s] reading manifest file '../../build/aruco_detector_pkg/aruco_detector_pkg.egg-info/SOURCES.txt'
[0.882s] writing manifest file '../../build/aruco_detector_pkg/aruco_detector_pkg.egg-info/SOURCES.txt'
[0.883s] running build
[0.883s] running build_py
[0.883s] running install
[0.884s] running install_lib
[0.885s] running install_data
[0.885s] running install_egg_info
[0.886s] removing '/home/arsalpal/v11/g06_prii3_wsv2/install/aruco_detector_pkg/lib/python3.8/site-packages/aruco_detector_pkg-0.0.0-py3.8.egg-info' (and everything under it)
[0.886s] Copying ../../build/aruco_detector_pkg/aruco_detector_pkg.egg-info to /home/arsalpal/v11/g06_prii3_wsv2/install/aruco_detector_pkg/lib/python3.8/site-packages/aruco_detector_pkg-0.0.0-py3.8.egg-info
[0.887s] running install_scripts
[0.903s] Installing aruco_detector script to /home/arsalpal/v11/g06_prii3_wsv2/install/aruco_detector_pkg/lib/aruco_detector_pkg
[0.904s] Installing aruco_robot_detector script to /home/arsalpal/v11/g06_prii3_wsv2/install/aruco_detector_pkg/lib/aruco_detector_pkg
[0.904s] writing list of installed files to '/home/arsalpal/v11/g06_prii3_wsv2/build/aruco_detector_pkg/install.log'
[0.923s] Invoked command in '/home/arsalpal/v11/g06_prii3_wsv2/src/aruco_detector_pkg' returned '0': PYTHONPATH=/home/arsalpal/v11/g06_prii3_wsv2/build/aruco_detector_pkg/prefix_override:/usr/lib/python3/dist-packages/colcon_core/task/python/colcon_distutils_commands:/home/arsalpal/v11/g06_prii3_wsv2/install/aruco_detector_pkg/lib/python3.8/site-packages:${PYTHONPATH} /usr/bin/python3 -W ignore:setup.py install is deprecated -W ignore:easy_install command is deprecated setup.py egg_info --egg-base ../../build/aruco_detector_pkg build --build-base /home/arsalpal/v11/g06_prii3_wsv2/build/aruco_detector_pkg/build install --record /home/arsalpal/v11/g06_prii3_wsv2/build/aruco_detector_pkg/install.log --install-scripts $base/lib/aruco_detector_pkg --single-version-externally-managed install_data
