[0.468s] Invoking command in '/home/arsalpal/v11/g06_prii3_wsv2/src/eurobot_cositas': PYTHONPATH=/home/arsalpal/v11/g06_prii3_wsv2/build/eurobot_cositas/prefix_override:/usr/lib/python3/dist-packages/colcon_core/task/python/colcon_distutils_commands:/home/arsalpal/v11/g06_prii3_wsv2/install/eurobot_cositas/lib/python3.8/site-packages:${PYTHONPATH} /usr/bin/python3 -W ignore:setup.py install is deprecated -W ignore:easy_install command is deprecated setup.py egg_info --egg-base ../../build/eurobot_cositas build --build-base /home/arsalpal/v11/g06_prii3_wsv2/build/eurobot_cositas/build install --record /home/arsalpal/v11/g06_prii3_wsv2/build/eurobot_cositas/install.log --install-scripts $base/lib/eurobot_cositas --single-version-externally-managed install_data
[0.580s] running egg_info
[0.581s] writing ../../build/eurobot_cositas/eurobot_cositas.egg-info/PKG-INFO
[0.581s] writing dependency_links to ../../build/eurobot_cositas/eurobot_cositas.egg-info/dependency_links.txt
[0.581s] writing entry points to ../../build/eurobot_cositas/eurobot_cositas.egg-info/entry_points.txt
[0.581s] writing requirements to ../../build/eurobot_cositas/eurobot_cositas.egg-info/requires.txt
[0.581s] writing top-level names to ../../build/eurobot_cositas/eurobot_cositas.egg-info/top_level.txt
[0.600s] reading manifest file '../../build/eurobot_cositas/eurobot_cositas.egg-info/SOURCES.txt'
[0.601s] writing manifest file '../../build/eurobot_cositas/eurobot_cositas.egg-info/SOURCES.txt'
[0.601s] running build
[0.601s] running build_py
[0.601s] copying eurobot_cositas/estados.py -> /home/arsalpal/v11/g06_prii3_wsv2/build/eurobot_cositas/build/lib/eurobot_cositas
[0.601s] running install
[0.601s] running install_lib
[0.602s] copying /home/arsalpal/v11/g06_prii3_wsv2/build/eurobot_cositas/build/lib/eurobot_cositas/estados.py -> /home/arsalpal/v11/g06_prii3_wsv2/install/eurobot_cositas/lib/python3.8/site-packages/eurobot_cositas
[0.602s] byte-compiling /home/arsalpal/v11/g06_prii3_wsv2/install/eurobot_cositas/lib/python3.8/site-packages/eurobot_cositas/estados.py to estados.cpython-38.pyc
[0.604s] running install_data
[0.604s] running install_egg_info
[0.605s] removing '/home/arsalpal/v11/g06_prii3_wsv2/install/eurobot_cositas/lib/python3.8/site-packages/eurobot_cositas-0.0.0-py3.8.egg-info' (and everything under it)
[0.605s] Copying ../../build/eurobot_cositas/eurobot_cositas.egg-info to /home/arsalpal/v11/g06_prii3_wsv2/install/eurobot_cositas/lib/python3.8/site-packages/eurobot_cositas-0.0.0-py3.8.egg-info
[0.605s] running install_scripts
[0.615s] Installing aruco_detector_cositas script to /home/arsalpal/v11/g06_prii3_wsv2/install/eurobot_cositas/lib/eurobot_cositas
[0.615s] Installing estados script to /home/arsalpal/v11/g06_prii3_wsv2/install/eurobot_cositas/lib/eurobot_cositas
[0.615s] Installing subcriptor script to /home/arsalpal/v11/g06_prii3_wsv2/install/eurobot_cositas/lib/eurobot_cositas
[0.615s] Installing vision_navigation script to /home/arsalpal/v11/g06_prii3_wsv2/install/eurobot_cositas/lib/eurobot_cositas
[0.615s] writing list of installed files to '/home/arsalpal/v11/g06_prii3_wsv2/build/eurobot_cositas/install.log'
[0.633s] Invoked command in '/home/arsalpal/v11/g06_prii3_wsv2/src/eurobot_cositas' returned '0': PYTHONPATH=/home/arsalpal/v11/g06_prii3_wsv2/build/eurobot_cositas/prefix_override:/usr/lib/python3/dist-packages/colcon_core/task/python/colcon_distutils_commands:/home/arsalpal/v11/g06_prii3_wsv2/install/eurobot_cositas/lib/python3.8/site-packages:${PYTHONPATH} /usr/bin/python3 -W ignore:setup.py install is deprecated -W ignore:easy_install command is deprecated setup.py egg_info --egg-base ../../build/eurobot_cositas build --build-base /home/arsalpal/v11/g06_prii3_wsv2/build/eurobot_cositas/build install --record /home/arsalpal/v11/g06_prii3_wsv2/build/eurobot_cositas/install.log --install-scripts $base/lib/eurobot_cositas --single-version-externally-managed install_data
