/home/arsalpal/v11/g06_prii3_wsv2/install/eurobot_cositas/lib/python3.8/site-packages/eurobot_cositas/vision_navigation.py
/home/arsalpal/v11/g06_prii3_wsv2/install/eurobot_cositas/lib/python3.8/site-packages/eurobot_cositas/estados.py
/home/arsalpal/v11/g06_prii3_wsv2/install/eurobot_cositas/lib/python3.8/site-packages/eurobot_cositas/__init__.py
/home/arsalpal/v11/g06_prii3_wsv2/install/eurobot_cositas/lib/python3.8/site-packages/eurobot_cositas/subcriptor.py
/home/arsalpal/v11/g06_prii3_wsv2/install/eurobot_cositas/lib/python3.8/site-packages/eurobot_cositas/aruco_detector_cositas.py
/home/arsalpal/v11/g06_prii3_wsv2/install/eurobot_cositas/lib/python3.8/site-packages/eurobot_cositas/__pycache__/vision_navigation.cpython-38.pyc
/home/arsalpal/v11/g06_prii3_wsv2/install/eurobot_cositas/lib/python3.8/site-packages/eurobot_cositas/__pycache__/estados.cpython-38.pyc
/home/arsalpal/v11/g06_prii3_wsv2/install/eurobot_cositas/lib/python3.8/site-packages/eurobot_cositas/__pycache__/__init__.cpython-38.pyc
/home/arsalpal/v11/g06_prii3_wsv2/install/eurobot_cositas/lib/python3.8/site-packages/eurobot_cositas/__pycache__/subcriptor.cpython-38.pyc
/home/arsalpal/v11/g06_prii3_wsv2/install/eurobot_cositas/lib/python3.8/site-packages/eurobot_cositas/__pycache__/aruco_detector_cositas.cpython-38.pyc
/home/arsalpal/v11/g06_prii3_wsv2/install/eurobot_cositas/share/ament_index/resource_index/packages/eurobot_cositas
/home/arsalpal/v11/g06_prii3_wsv2/install/eurobot_cositas/share/eurobot_cositas/package.xml
/home/arsalpal/v11/g06_prii3_wsv2/install/eurobot_cositas/share/eurobot_cositas/launch/estados_launch.py
/home/arsalpal/v11/g06_prii3_wsv2/install/eurobot_cositas/share/eurobot_cositas/launch/subcriptor_launch.py
/home/arsalpal/v11/g06_prii3_wsv2/install/eurobot_cositas/share/eurobot_cositas/launch/static_overhead_camera.launch.py
/home/arsalpal/v11/g06_prii3_wsv2/install/eurobot_cositas/share/eurobot_cositas/launch/eurobot_world_launch.py
/home/arsalpal/v11/g06_prii3_wsv2/install/eurobot_cositas/share/eurobot_cositas/launch/Move_eurobot_launch.py
/home/arsalpal/v11/g06_prii3_wsv2/install/eurobot_cositas/share/eurobot_cositas/rosbag2/metadata.yaml
/home/arsalpal/v11/g06_prii3_wsv2/install/eurobot_cositas/share/eurobot_cositas/rosbag2/rosbag2_2025_12_10-20_33_34_0.db3-wal
/home/arsalpal/v11/g06_prii3_wsv2/install/eurobot_cositas/share/eurobot_cositas/rosbag2/rosbag2_2025_12_10-20_33_34_0.db3
/home/arsalpal/v11/g06_prii3_wsv2/install/eurobot_cositas/share/eurobot_cositas/rosbag2/rosbag2_2025_12_10-20_33_34_0.db3-shm
/home/arsalpal/v11/g06_prii3_wsv2/install/eurobot_cositas/share/eurobot_cositas/world/Tablero.world
/home/arsalpal/v11/g06_prii3_wsv2/install/eurobot_cositas/share/eurobot_cositas/world/Tablero (copia).world
/home/arsalpal/v11/g06_prii3_wsv2/install/eurobot_cositas/share/eurobot_cositas/world/Tablero2.world
/home/arsalpal/v11/g06_prii3_wsv2/install/eurobot_cositas/share/eurobot_cositas/config/eurobot_view.rviz
/home/arsalpal/v11/g06_prii3_wsv2/install/eurobot_cositas/share/eurobot_cositas/templates/template.png
/home/arsalpal/v11/g06_prii3_wsv2/install/eurobot_cositas/lib/python3.8/site-packages/eurobot_cositas-0.0.0-py3.8.egg-info/dependency_links.txt
/home/arsalpal/v11/g06_prii3_wsv2/install/eurobot_cositas/lib/python3.8/site-packages/eurobot_cositas-0.0.0-py3.8.egg-info/zip-safe
/home/arsalpal/v11/g06_prii3_wsv2/install/eurobot_cositas/lib/python3.8/site-packages/eurobot_cositas-0.0.0-py3.8.egg-info/requires.txt
/home/arsalpal/v11/g06_prii3_wsv2/install/eurobot_cositas/lib/python3.8/site-packages/eurobot_cositas-0.0.0-py3.8.egg-info/PKG-INFO
/home/arsalpal/v11/g06_prii3_wsv2/install/eurobot_cositas/lib/python3.8/site-packages/eurobot_cositas-0.0.0-py3.8.egg-info/top_level.txt
/home/arsalpal/v11/g06_prii3_wsv2/install/eurobot_cositas/lib/python3.8/site-packages/eurobot_cositas-0.0.0-py3.8.egg-info/SOURCES.txt
/home/arsalpal/v11/g06_prii3_wsv2/install/eurobot_cositas/lib/python3.8/site-packages/eurobot_cositas-0.0.0-py3.8.egg-info/entry_points.txt
/home/arsalpal/v11/g06_prii3_wsv2/install/eurobot_cositas/lib/eurobot_cositas/aruco_detector_cositas
/home/arsalpal/v11/g06_prii3_wsv2/install/eurobot_cositas/lib/eurobot_cositas/estados
/home/arsalpal/v11/g06_prii3_wsv2/install/eurobot_cositas/lib/eurobot_cositas/subcriptor
/home/arsalpal/v11/g06_prii3_wsv2/install/eurobot_cositas/lib/eurobot_cositas/vision_navigation
